2024-01-10T00:21:10.560+07:00  INFO 34153 --- [restartedMain] tacos.TacoCloudApplication               : Starting TacoCloudApplication using Java 17.0.9 with PID 34153 (/run/media/nero/DATA/Backend_Development/spring/spring-in-action/chapter07-writing-restful-controllers/target/classes started by nero in /run/media/nero/DATA/Backend_Development/spring/spring-in-action/chapter07-writing-restful-controllers)
2024-01-10T00:21:10.567+07:00 DEBUG 34153 --- [restartedMain] tacos.TacoCloudApplication               : Running with Spring Boot v3.1.1, Spring v6.0.10
2024-01-10T00:21:10.571+07:00  INFO 34153 --- [restartedMain] tacos.TacoCloudApplication               : The following 1 profile is active: "test"
2024-01-10T00:21:15.612+07:00  WARN 34153 --- [restartedMain] JpaBaseConfiguration$JpaWebConfiguration : spring.jpa.open-in-view is enabled by default. Therefore, database queries may be performed during view rendering. Explicitly configure spring.jpa.open-in-view to disable this warning
2024-01-10T00:21:16.041+07:00 DEBUG 34153 --- [restartedMain] edFilterInvocationSecurityMetadataSource : Adding web access control expression [hasRole('ROLE_USER')] for Mvc [pattern='/design']
2024-01-10T00:21:16.060+07:00 DEBUG 34153 --- [restartedMain] edFilterInvocationSecurityMetadataSource : Adding web access control expression [hasRole('ROLE_USER')] for Mvc [pattern='/orders']
2024-01-10T00:21:16.060+07:00 DEBUG 34153 --- [restartedMain] edFilterInvocationSecurityMetadataSource : Adding web access control expression [hasRole('ADMIN')] for Mvc [pattern='/admin/**', POST]
2024-01-10T00:21:16.061+07:00 DEBUG 34153 --- [restartedMain] edFilterInvocationSecurityMetadataSource : Adding web access control expression [permitAll] for Mvc [pattern='/']
2024-01-10T00:21:16.061+07:00 DEBUG 34153 --- [restartedMain] edFilterInvocationSecurityMetadataSource : Adding web access control expression [permitAll] for Mvc [pattern='/**']
2024-01-10T00:21:16.062+07:00 DEBUG 34153 --- [restartedMain] edFilterInvocationSecurityMetadataSource : Adding web access control expression [permitAll] for Ant [pattern='/h2-console/**']
2024-01-10T00:21:16.079+07:00  INFO 34153 --- [restartedMain] o.s.s.web.DefaultSecurityFilterChain     : Will secure any request with [org.springframework.security.web.session.DisableEncodeUrlFilter@374b5737, org.springframework.security.web.context.request.async.WebAsyncManagerIntegrationFilter@4c74f136, org.springframework.security.web.context.SecurityContextHolderFilter@3a5d6b3d, org.springframework.security.web.header.HeaderWriterFilter@2daa02dd, org.springframework.security.web.csrf.CsrfFilter@428c71dc, org.springframework.security.web.authentication.logout.LogoutFilter@5cc53549, org.springframework.security.oauth2.client.web.OAuth2AuthorizationRequestRedirectFilter@6f83d7aa, org.springframework.security.oauth2.client.web.OAuth2LoginAuthenticationFilter@7f60949c, org.springframework.security.web.authentication.UsernamePasswordAuthenticationFilter@4226d7b6, org.springframework.security.web.savedrequest.RequestCacheAwareFilter@27379cee, org.springframework.security.web.servletapi.SecurityContextHolderAwareRequestFilter@37cddf2a, org.springframework.security.web.authentication.AnonymousAuthenticationFilter@1f079ec4, org.springframework.security.web.access.ExceptionTranslationFilter@1df95953, org.springframework.security.web.access.intercept.FilterSecurityInterceptor@cdefe0c]
2024-01-10T00:21:16.590+07:00  INFO 34153 --- [restartedMain] tacos.TacoCloudApplication               : Started TacoCloudApplication in 6.706 seconds (process running for 7.93)
2024-01-10T00:22:27.122+07:00 DEBUG 34153 --- [https-jsse-nio-8443-exec-1] o.s.security.web.FilterChainProxy        : Securing GET /api/tacos/1
2024-01-10T00:22:27.148+07:00 DEBUG 34153 --- [https-jsse-nio-8443-exec-1] o.s.s.w.a.AnonymousAuthenticationFilter  : Set SecurityContextHolder to anonymous SecurityContext
2024-01-10T00:22:27.155+07:00 DEBUG 34153 --- [https-jsse-nio-8443-exec-1] o.s.s.w.a.i.FilterSecurityInterceptor    : Authorized filter invocation [GET /api/tacos/1] with attributes [permitAll]
2024-01-10T00:22:27.155+07:00 DEBUG 34153 --- [https-jsse-nio-8443-exec-1] o.s.security.web.FilterChainProxy        : Secured GET /api/tacos/1
2024-01-10T00:22:34.475+07:00 DEBUG 34153 --- [https-jsse-nio-8443-exec-2] o.s.security.web.FilterChainProxy        : Securing GET /api/tacos/
2024-01-10T00:22:34.480+07:00 DEBUG 34153 --- [https-jsse-nio-8443-exec-2] o.s.s.w.a.AnonymousAuthenticationFilter  : Set SecurityContextHolder to anonymous SecurityContext
2024-01-10T00:22:34.481+07:00 DEBUG 34153 --- [https-jsse-nio-8443-exec-2] o.s.s.w.a.i.FilterSecurityInterceptor    : Authorized filter invocation [GET /api/tacos/] with attributes [permitAll]
2024-01-10T00:22:34.481+07:00 DEBUG 34153 --- [https-jsse-nio-8443-exec-2] o.s.security.web.FilterChainProxy        : Secured GET /api/tacos/
2024-01-10T00:22:34.487+07:00 DEBUG 34153 --- [https-jsse-nio-8443-exec-2] o.s.security.web.FilterChainProxy        : Securing GET /error
2024-01-10T00:22:34.489+07:00 DEBUG 34153 --- [https-jsse-nio-8443-exec-2] o.s.s.w.a.AnonymousAuthenticationFilter  : Set SecurityContextHolder to anonymous SecurityContext
2024-01-10T00:22:34.490+07:00 DEBUG 34153 --- [https-jsse-nio-8443-exec-2] o.s.s.w.a.i.FilterSecurityInterceptor    : Authorized filter invocation [GET /error] with attributes [permitAll]
2024-01-10T00:22:34.490+07:00 DEBUG 34153 --- [https-jsse-nio-8443-exec-2] o.s.security.web.FilterChainProxy        : Secured GET /error
2024-01-10T00:23:08.695+07:00 DEBUG 34153 --- [https-jsse-nio-8443-exec-3] o.s.security.web.FilterChainProxy        : Securing GET /api/tacos/3
2024-01-10T00:23:08.697+07:00 DEBUG 34153 --- [https-jsse-nio-8443-exec-3] o.s.s.w.a.AnonymousAuthenticationFilter  : Set SecurityContextHolder to anonymous SecurityContext
2024-01-10T00:23:08.698+07:00 DEBUG 34153 --- [https-jsse-nio-8443-exec-3] o.s.s.w.a.i.FilterSecurityInterceptor    : Authorized filter invocation [GET /api/tacos/3] with attributes [permitAll]
2024-01-10T00:23:08.698+07:00 DEBUG 34153 --- [https-jsse-nio-8443-exec-3] o.s.security.web.FilterChainProxy        : Secured GET /api/tacos/3
2024-01-10T00:23:14.831+07:00 DEBUG 34153 --- [https-jsse-nio-8443-exec-4] o.s.security.web.FilterChainProxy        : Securing GET /api/tacos/4
2024-01-10T00:23:14.833+07:00 DEBUG 34153 --- [https-jsse-nio-8443-exec-4] o.s.s.w.a.AnonymousAuthenticationFilter  : Set SecurityContextHolder to anonymous SecurityContext
2024-01-10T00:23:14.834+07:00 DEBUG 34153 --- [https-jsse-nio-8443-exec-4] o.s.s.w.a.i.FilterSecurityInterceptor    : Authorized filter invocation [GET /api/tacos/4] with attributes [permitAll]
2024-01-10T00:23:14.834+07:00 DEBUG 34153 --- [https-jsse-nio-8443-exec-4] o.s.security.web.FilterChainProxy        : Secured GET /api/tacos/4
2024-01-10T00:23:19.340+07:00 DEBUG 34153 --- [https-jsse-nio-8443-exec-5] o.s.security.web.FilterChainProxy        : Securing GET /api/tacos/1
2024-01-10T00:23:19.341+07:00 DEBUG 34153 --- [https-jsse-nio-8443-exec-5] o.s.s.w.a.AnonymousAuthenticationFilter  : Set SecurityContextHolder to anonymous SecurityContext
2024-01-10T00:23:19.342+07:00 DEBUG 34153 --- [https-jsse-nio-8443-exec-5] o.s.s.w.a.i.FilterSecurityInterceptor    : Authorized filter invocation [GET /api/tacos/1] with attributes [permitAll]
2024-01-10T00:23:19.342+07:00 DEBUG 34153 --- [https-jsse-nio-8443-exec-5] o.s.security.web.FilterChainProxy        : Secured GET /api/tacos/1
2024-01-10T00:23:22.096+07:00 DEBUG 34153 --- [https-jsse-nio-8443-exec-6] o.s.security.web.FilterChainProxy        : Securing GET /api/tacos/
2024-01-10T00:23:22.098+07:00 DEBUG 34153 --- [https-jsse-nio-8443-exec-6] o.s.s.w.a.AnonymousAuthenticationFilter  : Set SecurityContextHolder to anonymous SecurityContext
2024-01-10T00:23:22.098+07:00 DEBUG 34153 --- [https-jsse-nio-8443-exec-6] o.s.s.w.a.i.FilterSecurityInterceptor    : Authorized filter invocation [GET /api/tacos/] with attributes [permitAll]
2024-01-10T00:23:22.099+07:00 DEBUG 34153 --- [https-jsse-nio-8443-exec-6] o.s.security.web.FilterChainProxy        : Secured GET /api/tacos/
2024-01-10T00:23:22.101+07:00 DEBUG 34153 --- [https-jsse-nio-8443-exec-6] o.s.security.web.FilterChainProxy        : Securing GET /error
2024-01-10T00:23:22.103+07:00 DEBUG 34153 --- [https-jsse-nio-8443-exec-6] o.s.s.w.a.AnonymousAuthenticationFilter  : Set SecurityContextHolder to anonymous SecurityContext
2024-01-10T00:23:22.103+07:00 DEBUG 34153 --- [https-jsse-nio-8443-exec-6] o.s.s.w.a.i.FilterSecurityInterceptor    : Authorized filter invocation [GET /error] with attributes [permitAll]
2024-01-10T00:23:22.103+07:00 DEBUG 34153 --- [https-jsse-nio-8443-exec-6] o.s.security.web.FilterChainProxy        : Secured GET /error
2024-01-10T00:23:25.005+07:00 DEBUG 34153 --- [https-jsse-nio-8443-exec-8] o.s.security.web.FilterChainProxy        : Securing GET /api/tacos/4
2024-01-10T00:23:25.006+07:00 DEBUG 34153 --- [https-jsse-nio-8443-exec-8] o.s.s.w.a.AnonymousAuthenticationFilter  : Set SecurityContextHolder to anonymous SecurityContext
2024-01-10T00:23:25.007+07:00 DEBUG 34153 --- [https-jsse-nio-8443-exec-8] o.s.s.w.a.i.FilterSecurityInterceptor    : Authorized filter invocation [GET /api/tacos/4] with attributes [permitAll]
2024-01-10T00:23:25.007+07:00 DEBUG 34153 --- [https-jsse-nio-8443-exec-8] o.s.security.web.FilterChainProxy        : Secured GET /api/tacos/4
2024-01-10T00:23:26.613+07:00 DEBUG 34153 --- [https-jsse-nio-8443-exec-7] o.s.security.web.FilterChainProxy        : Securing GET /api/tacos/5
2024-01-10T00:23:26.614+07:00 DEBUG 34153 --- [https-jsse-nio-8443-exec-7] o.s.s.w.a.AnonymousAuthenticationFilter  : Set SecurityContextHolder to anonymous SecurityContext
2024-01-10T00:23:26.615+07:00 DEBUG 34153 --- [https-jsse-nio-8443-exec-7] o.s.s.w.a.i.FilterSecurityInterceptor    : Authorized filter invocation [GET /api/tacos/5] with attributes [permitAll]
2024-01-10T00:23:26.615+07:00 DEBUG 34153 --- [https-jsse-nio-8443-exec-7] o.s.security.web.FilterChainProxy        : Secured GET /api/tacos/5
2024-01-10T00:23:27.869+07:00 DEBUG 34153 --- [https-jsse-nio-8443-exec-9] o.s.security.web.FilterChainProxy        : Securing GET /api/tacos/3
2024-01-10T00:23:27.870+07:00 DEBUG 34153 --- [https-jsse-nio-8443-exec-9] o.s.s.w.a.AnonymousAuthenticationFilter  : Set SecurityContextHolder to anonymous SecurityContext
2024-01-10T00:23:27.871+07:00 DEBUG 34153 --- [https-jsse-nio-8443-exec-9] o.s.s.w.a.i.FilterSecurityInterceptor    : Authorized filter invocation [GET /api/tacos/3] with attributes [permitAll]
2024-01-10T00:23:27.871+07:00 DEBUG 34153 --- [https-jsse-nio-8443-exec-9] o.s.security.web.FilterChainProxy        : Secured GET /api/tacos/3
2024-01-10T00:23:29.980+07:00 DEBUG 34153 --- [https-jsse-nio-8443-exec-10] o.s.security.web.FilterChainProxy        : Securing GET /api/tacos/4
2024-01-10T00:23:29.982+07:00 DEBUG 34153 --- [https-jsse-nio-8443-exec-10] o.s.s.w.a.AnonymousAuthenticationFilter  : Set SecurityContextHolder to anonymous SecurityContext
2024-01-10T00:23:29.982+07:00 DEBUG 34153 --- [https-jsse-nio-8443-exec-10] o.s.s.w.a.i.FilterSecurityInterceptor    : Authorized filter invocation [GET /api/tacos/4] with attributes [permitAll]
2024-01-10T00:23:29.982+07:00 DEBUG 34153 --- [https-jsse-nio-8443-exec-10] o.s.security.web.FilterChainProxy        : Secured GET /api/tacos/4
2024-01-10T00:23:31.025+07:00 DEBUG 34153 --- [https-jsse-nio-8443-exec-1] o.s.security.web.FilterChainProxy        : Securing GET /api/tacos/5
2024-01-10T00:23:31.026+07:00 DEBUG 34153 --- [https-jsse-nio-8443-exec-1] o.s.s.w.a.AnonymousAuthenticationFilter  : Set SecurityContextHolder to anonymous SecurityContext
2024-01-10T00:23:31.027+07:00 DEBUG 34153 --- [https-jsse-nio-8443-exec-1] o.s.s.w.a.i.FilterSecurityInterceptor    : Authorized filter invocation [GET /api/tacos/5] with attributes [permitAll]
2024-01-10T00:23:31.027+07:00 DEBUG 34153 --- [https-jsse-nio-8443-exec-1] o.s.security.web.FilterChainProxy        : Secured GET /api/tacos/5
2024-01-10T00:23:32.075+07:00 DEBUG 34153 --- [https-jsse-nio-8443-exec-2] o.s.security.web.FilterChainProxy        : Securing GET /api/tacos/6
2024-01-10T00:23:32.077+07:00 DEBUG 34153 --- [https-jsse-nio-8443-exec-2] o.s.s.w.a.AnonymousAuthenticationFilter  : Set SecurityContextHolder to anonymous SecurityContext
2024-01-10T00:23:32.077+07:00 DEBUG 34153 --- [https-jsse-nio-8443-exec-2] o.s.s.w.a.i.FilterSecurityInterceptor    : Authorized filter invocation [GET /api/tacos/6] with attributes [permitAll]
2024-01-10T00:23:32.077+07:00 DEBUG 34153 --- [https-jsse-nio-8443-exec-2] o.s.security.web.FilterChainProxy        : Secured GET /api/tacos/6
2024-01-10T00:23:33.298+07:00 DEBUG 34153 --- [https-jsse-nio-8443-exec-3] o.s.security.web.FilterChainProxy        : Securing GET /api/tacos/5
2024-01-10T00:23:33.300+07:00 DEBUG 34153 --- [https-jsse-nio-8443-exec-3] o.s.s.w.a.AnonymousAuthenticationFilter  : Set SecurityContextHolder to anonymous SecurityContext
2024-01-10T00:23:33.300+07:00 DEBUG 34153 --- [https-jsse-nio-8443-exec-3] o.s.s.w.a.i.FilterSecurityInterceptor    : Authorized filter invocation [GET /api/tacos/5] with attributes [permitAll]
2024-01-10T00:23:33.301+07:00 DEBUG 34153 --- [https-jsse-nio-8443-exec-3] o.s.security.web.FilterChainProxy        : Secured GET /api/tacos/5
2024-01-10T00:23:35.216+07:00 DEBUG 34153 --- [https-jsse-nio-8443-exec-4] o.s.security.web.FilterChainProxy        : Securing GET /api/tacos/4
2024-01-10T00:23:35.217+07:00 DEBUG 34153 --- [https-jsse-nio-8443-exec-4] o.s.s.w.a.AnonymousAuthenticationFilter  : Set SecurityContextHolder to anonymous SecurityContext
2024-01-10T00:23:35.217+07:00 DEBUG 34153 --- [https-jsse-nio-8443-exec-4] o.s.s.w.a.i.FilterSecurityInterceptor    : Authorized filter invocation [GET /api/tacos/4] with attributes [permitAll]
2024-01-10T00:23:35.218+07:00 DEBUG 34153 --- [https-jsse-nio-8443-exec-4] o.s.security.web.FilterChainProxy        : Secured GET /api/tacos/4
2024-01-10T00:24:54.140+07:00  WARN 34153 --- [SpringApplicationShutdownHook] o.s.b.f.support.DisposableBeanAdapter    : Invocation of destroy method failed on bean with name 'inMemoryDatabaseShutdownExecutor': org.h2.jdbc.JdbcSQLNonTransientConnectionException: Database is already closed (to disable automatic closing at VM shutdown, add ";DB_CLOSE_ON_EXIT=FALSE" to the db URL) [90121-214]
