2024-01-11T00:06:37.332+07:00  WARN 64547 --- [SpringApplicationShutdownHook] o.s.b.f.support.DisposableBeanAdapter    : Invocation of destroy method failed on bean with name 'inMemoryDatabaseShutdownExecutor': org.h2.jdbc.JdbcSQLNonTransientConnectionException: Database is already closed (to disable automatic closing at VM shutdown, add ";DB_CLOSE_ON_EXIT=FALSE" to the db URL) [90121-214]
2024-01-11T00:29:03.977+07:00  INFO 73872 --- [restartedMain] tacos.TacoCloudApplication               : Starting TacoCloudApplication using Java 17.0.9 with PID 73872 (/run/media/nero/DATA/Backend_Development/spring/spring-in-action/chapter07-writing-restful-controllers/target/classes started by nero in /run/media/nero/DATA/Backend_Development/spring/spring-in-action/chapter07-writing-restful-controllers)
2024-01-11T00:29:03.979+07:00 DEBUG 73872 --- [restartedMain] tacos.TacoCloudApplication               : Running with Spring Boot v3.1.1, Spring v6.0.10
2024-01-11T00:29:03.979+07:00  INFO 73872 --- [restartedMain] tacos.TacoCloudApplication               : The following 1 profile is active: "test"
2024-01-11T00:29:08.207+07:00  WARN 73872 --- [restartedMain] JpaBaseConfiguration$JpaWebConfiguration : spring.jpa.open-in-view is enabled by default. Therefore, database queries may be performed during view rendering. Explicitly configure spring.jpa.open-in-view to disable this warning
2024-01-11T00:29:08.780+07:00  INFO 73872 --- [restartedMain] tacos.TacoCloudApplication               : Started TacoCloudApplication in 5.421 seconds (process running for 6.432)
2024-01-11T00:37:22.121+07:00  WARN 73872 --- [SpringApplicationShutdownHook] o.s.b.f.support.DisposableBeanAdapter    : Invocation of destroy method failed on bean with name 'inMemoryDatabaseShutdownExecutor': org.h2.jdbc.JdbcSQLNonTransientConnectionException: Database is already closed (to disable automatic closing at VM shutdown, add ";DB_CLOSE_ON_EXIT=FALSE" to the db URL) [90121-214]
2024-01-21T19:47:41.284+07:00  INFO 90458 --- [restartedMain] tacos.TacoCloudApplication               : Starting TacoCloudApplication using Java 17.0.10 with PID 90458 (/run/media/nero/DATA/Backend_Development/spring/spring-in-action/chapter12-working-with-spring-WebFlux/target/classes started by nero in /run/media/nero/DATA/Backend_Development/spring/spring-in-action/chapter12-working-with-spring-WebFlux)
2024-01-21T19:47:41.287+07:00 DEBUG 90458 --- [restartedMain] tacos.TacoCloudApplication               : Running with Spring Boot v3.1.1, Spring v6.0.10
2024-01-21T19:47:41.288+07:00  INFO 90458 --- [restartedMain] tacos.TacoCloudApplication               : The following 1 profile is active: "test"
2024-01-21T19:47:42.707+07:00  WARN 90458 --- [restartedMain] onfigReactiveWebServerApplicationContext : Exception encountered during context initialization - cancelling refresh attempt: org.springframework.context.ApplicationContextException: Unable to start reactive web server
2024-01-21T19:47:42.750+07:00 ERROR 90458 --- [restartedMain] o.s.boot.SpringApplication               : Application run failed

org.springframework.context.ApplicationContextException: Unable to start reactive web server
	at org.springframework.boot.web.reactive.context.ReactiveWebServerApplicationContext.onRefresh(ReactiveWebServerApplicationContext.java:84) ~[spring-boot-3.1.1.jar:3.1.1]
	at org.springframework.context.support.AbstractApplicationContext.refresh(AbstractApplicationContext.java:602) ~[spring-context-6.0.10.jar:6.0.10]
	at org.springframework.boot.web.reactive.context.ReactiveWebServerApplicationContext.refresh(ReactiveWebServerApplicationContext.java:66) ~[spring-boot-3.1.1.jar:3.1.1]
	at org.springframework.boot.SpringApplication.refresh(SpringApplication.java:734) ~[spring-boot-3.1.1.jar:3.1.1]
	at org.springframework.boot.SpringApplication.refreshContext(SpringApplication.java:436) ~[spring-boot-3.1.1.jar:3.1.1]
	at org.springframework.boot.SpringApplication.run(SpringApplication.java:312) ~[spring-boot-3.1.1.jar:3.1.1]
	at org.springframework.boot.SpringApplication.run(SpringApplication.java:1306) ~[spring-boot-3.1.1.jar:3.1.1]
	at org.springframework.boot.SpringApplication.run(SpringApplication.java:1295) ~[spring-boot-3.1.1.jar:3.1.1]
	at tacos.TacoCloudApplication.main(TacoCloudApplication.java:25) ~[classes/:na]
	at java.base/jdk.internal.reflect.NativeMethodAccessorImpl.invoke0(Native Method) ~[na:na]
	at java.base/jdk.internal.reflect.NativeMethodAccessorImpl.invoke(NativeMethodAccessorImpl.java:77) ~[na:na]
	at java.base/jdk.internal.reflect.DelegatingMethodAccessorImpl.invoke(DelegatingMethodAccessorImpl.java:43) ~[na:na]
	at java.base/java.lang.reflect.Method.invoke(Method.java:568) ~[na:na]
	at org.springframework.boot.devtools.restart.RestartLauncher.run(RestartLauncher.java:50) ~[spring-boot-devtools-3.1.1.jar:3.1.1]
Caused by: java.lang.IllegalStateException: Unable to create key store: Could not load store from 'file:///home/nero/mykeys.jks'
	at org.springframework.boot.ssl.jks.JksSslStoreBundle.createKeyStore(JksSslStoreBundle.java:89) ~[spring-boot-3.1.1.jar:3.1.1]
	at org.springframework.boot.ssl.jks.JksSslStoreBundle.getKeyStore(JksSslStoreBundle.java:58) ~[spring-boot-3.1.1.jar:3.1.1]
	at org.springframework.boot.ssl.DefaultSslManagerBundle.getKeyManagerFactory(DefaultSslManagerBundle.java:45) ~[spring-boot-3.1.1.jar:3.1.1]
	at org.springframework.boot.web.embedded.netty.SslServerCustomizer.createSslContextSpec(SslServerCustomizer.java:64) ~[spring-boot-3.1.1.jar:3.1.1]
	at org.springframework.boot.web.embedded.netty.SslServerCustomizer.apply(SslServerCustomizer.java:57) ~[spring-boot-3.1.1.jar:3.1.1]
	at org.springframework.boot.web.embedded.netty.NettyReactiveWebServerFactory.customizeSslConfiguration(NettyReactiveWebServerFactory.java:182) ~[spring-boot-3.1.1.jar:3.1.1]
	at org.springframework.boot.web.embedded.netty.NettyReactiveWebServerFactory.createHttpServer(NettyReactiveWebServerFactory.java:171) ~[spring-boot-3.1.1.jar:3.1.1]
	at org.springframework.boot.web.embedded.netty.NettyReactiveWebServerFactory.getWebServer(NettyReactiveWebServerFactory.java:71) ~[spring-boot-3.1.1.jar:3.1.1]
	at org.springframework.boot.web.reactive.context.WebServerManager.<init>(WebServerManager.java:50) ~[spring-boot-3.1.1.jar:3.1.1]
	at org.springframework.boot.web.reactive.context.ReactiveWebServerApplicationContext.createWebServer(ReactiveWebServerApplicationContext.java:96) ~[spring-boot-3.1.1.jar:3.1.1]
	at org.springframework.boot.web.reactive.context.ReactiveWebServerApplicationContext.onRefresh(ReactiveWebServerApplicationContext.java:81) ~[spring-boot-3.1.1.jar:3.1.1]
	... 13 common frames omitted
Caused by: java.lang.IllegalStateException: Could not load store from 'file:///home/nero/mykeys.jks'
	at org.springframework.boot.ssl.jks.JksSslStoreBundle.loadKeyStore(JksSslStoreBundle.java:118) ~[spring-boot-3.1.1.jar:3.1.1]
	at org.springframework.boot.ssl.jks.JksSslStoreBundle.createKeyStore(JksSslStoreBundle.java:84) ~[spring-boot-3.1.1.jar:3.1.1]
	... 23 common frames omitted
Caused by: java.io.FileNotFoundException: /home/nero/mykeys.jks (No such file or directory)
	at java.base/java.io.FileInputStream.open0(Native Method) ~[na:na]
	at java.base/java.io.FileInputStream.open(FileInputStream.java:216) ~[na:na]
	at java.base/java.io.FileInputStream.<init>(FileInputStream.java:157) ~[na:na]
	at java.base/java.io.FileInputStream.<init>(FileInputStream.java:111) ~[na:na]
	at java.base/sun.net.www.protocol.file.FileURLConnection.connect(FileURLConnection.java:86) ~[na:na]
	at java.base/sun.net.www.protocol.file.FileURLConnection.getInputStream(FileURLConnection.java:189) ~[na:na]
	at java.base/java.net.URL.openStream(URL.java:1161) ~[na:na]
	at org.springframework.boot.ssl.jks.JksSslStoreBundle.loadKeyStore(JksSslStoreBundle.java:113) ~[spring-boot-3.1.1.jar:3.1.1]
	... 24 common frames omitted

2024-01-21T19:48:19.007+07:00  INFO 90612 --- [restartedMain] tacos.TacoCloudApplication               : Starting TacoCloudApplication using Java 17.0.10 with PID 90612 (/run/media/nero/DATA/Backend_Development/spring/spring-in-action/chapter12-working-with-spring-WebFlux/target/classes started by nero in /run/media/nero/DATA/Backend_Development/spring/spring-in-action/chapter12-working-with-spring-WebFlux)
2024-01-21T19:48:19.009+07:00 DEBUG 90612 --- [restartedMain] tacos.TacoCloudApplication               : Running with Spring Boot v3.1.1, Spring v6.0.10
2024-01-21T19:48:19.010+07:00  INFO 90612 --- [restartedMain] tacos.TacoCloudApplication               : The following 1 profile is active: "test"
2024-01-21T19:48:20.308+07:00  WARN 90612 --- [restartedMain] onfigReactiveWebServerApplicationContext : Exception encountered during context initialization - cancelling refresh attempt: org.springframework.context.ApplicationContextException: Unable to start reactive web server
2024-01-21T19:48:20.348+07:00 ERROR 90612 --- [restartedMain] o.s.boot.SpringApplication               : Application run failed

org.springframework.context.ApplicationContextException: Unable to start reactive web server
	at org.springframework.boot.web.reactive.context.ReactiveWebServerApplicationContext.onRefresh(ReactiveWebServerApplicationContext.java:84) ~[spring-boot-3.1.1.jar:3.1.1]
	at org.springframework.context.support.AbstractApplicationContext.refresh(AbstractApplicationContext.java:602) ~[spring-context-6.0.10.jar:6.0.10]
	at org.springframework.boot.web.reactive.context.ReactiveWebServerApplicationContext.refresh(ReactiveWebServerApplicationContext.java:66) ~[spring-boot-3.1.1.jar:3.1.1]
	at org.springframework.boot.SpringApplication.refresh(SpringApplication.java:734) ~[spring-boot-3.1.1.jar:3.1.1]
	at org.springframework.boot.SpringApplication.refreshContext(SpringApplication.java:436) ~[spring-boot-3.1.1.jar:3.1.1]
	at org.springframework.boot.SpringApplication.run(SpringApplication.java:312) ~[spring-boot-3.1.1.jar:3.1.1]
	at org.springframework.boot.SpringApplication.run(SpringApplication.java:1306) ~[spring-boot-3.1.1.jar:3.1.1]
	at org.springframework.boot.SpringApplication.run(SpringApplication.java:1295) ~[spring-boot-3.1.1.jar:3.1.1]
	at tacos.TacoCloudApplication.main(TacoCloudApplication.java:25) ~[classes/:na]
	at java.base/jdk.internal.reflect.NativeMethodAccessorImpl.invoke0(Native Method) ~[na:na]
	at java.base/jdk.internal.reflect.NativeMethodAccessorImpl.invoke(NativeMethodAccessorImpl.java:77) ~[na:na]
	at java.base/jdk.internal.reflect.DelegatingMethodAccessorImpl.invoke(DelegatingMethodAccessorImpl.java:43) ~[na:na]
	at java.base/java.lang.reflect.Method.invoke(Method.java:568) ~[na:na]
	at org.springframework.boot.devtools.restart.RestartLauncher.run(RestartLauncher.java:50) ~[spring-boot-devtools-3.1.1.jar:3.1.1]
Caused by: java.lang.IllegalStateException: Unable to create key store: Could not load store from 'file:///home/nero/mykeys.jks'
	at org.springframework.boot.ssl.jks.JksSslStoreBundle.createKeyStore(JksSslStoreBundle.java:89) ~[spring-boot-3.1.1.jar:3.1.1]
	at org.springframework.boot.ssl.jks.JksSslStoreBundle.getKeyStore(JksSslStoreBundle.java:58) ~[spring-boot-3.1.1.jar:3.1.1]
	at org.springframework.boot.ssl.DefaultSslManagerBundle.getKeyManagerFactory(DefaultSslManagerBundle.java:45) ~[spring-boot-3.1.1.jar:3.1.1]
	at org.springframework.boot.web.embedded.netty.SslServerCustomizer.createSslContextSpec(SslServerCustomizer.java:64) ~[spring-boot-3.1.1.jar:3.1.1]
	at org.springframework.boot.web.embedded.netty.SslServerCustomizer.apply(SslServerCustomizer.java:57) ~[spring-boot-3.1.1.jar:3.1.1]
	at org.springframework.boot.web.embedded.netty.NettyReactiveWebServerFactory.customizeSslConfiguration(NettyReactiveWebServerFactory.java:182) ~[spring-boot-3.1.1.jar:3.1.1]
	at org.springframework.boot.web.embedded.netty.NettyReactiveWebServerFactory.createHttpServer(NettyReactiveWebServerFactory.java:171) ~[spring-boot-3.1.1.jar:3.1.1]
	at org.springframework.boot.web.embedded.netty.NettyReactiveWebServerFactory.getWebServer(NettyReactiveWebServerFactory.java:71) ~[spring-boot-3.1.1.jar:3.1.1]
	at org.springframework.boot.web.reactive.context.WebServerManager.<init>(WebServerManager.java:50) ~[spring-boot-3.1.1.jar:3.1.1]
	at org.springframework.boot.web.reactive.context.ReactiveWebServerApplicationContext.createWebServer(ReactiveWebServerApplicationContext.java:96) ~[spring-boot-3.1.1.jar:3.1.1]
	at org.springframework.boot.web.reactive.context.ReactiveWebServerApplicationContext.onRefresh(ReactiveWebServerApplicationContext.java:81) ~[spring-boot-3.1.1.jar:3.1.1]
	... 13 common frames omitted
Caused by: java.lang.IllegalStateException: Could not load store from 'file:///home/nero/mykeys.jks'
	at org.springframework.boot.ssl.jks.JksSslStoreBundle.loadKeyStore(JksSslStoreBundle.java:118) ~[spring-boot-3.1.1.jar:3.1.1]
	at org.springframework.boot.ssl.jks.JksSslStoreBundle.createKeyStore(JksSslStoreBundle.java:84) ~[spring-boot-3.1.1.jar:3.1.1]
	... 23 common frames omitted
Caused by: java.io.FileNotFoundException: /home/nero/mykeys.jks (No such file or directory)
	at java.base/java.io.FileInputStream.open0(Native Method) ~[na:na]
	at java.base/java.io.FileInputStream.open(FileInputStream.java:216) ~[na:na]
	at java.base/java.io.FileInputStream.<init>(FileInputStream.java:157) ~[na:na]
	at java.base/java.io.FileInputStream.<init>(FileInputStream.java:111) ~[na:na]
	at java.base/sun.net.www.protocol.file.FileURLConnection.connect(FileURLConnection.java:86) ~[na:na]
	at java.base/sun.net.www.protocol.file.FileURLConnection.getInputStream(FileURLConnection.java:189) ~[na:na]
	at java.base/java.net.URL.openStream(URL.java:1161) ~[na:na]
	at org.springframework.boot.ssl.jks.JksSslStoreBundle.loadKeyStore(JksSslStoreBundle.java:113) ~[spring-boot-3.1.1.jar:3.1.1]
	... 24 common frames omitted

